[0m2021.12.21 11:48:05 INFO  Started: Metals version 0.10.7 in workspace '/Users/tanjimhossain/Downloads/LabPractice' for client coc.nvim 0.0.80.[0m
[0m2021.12.21 11:48:09 INFO  time: initialize in 4.19s[0m
[0m2021.12.21 11:48:10 WARN  Build server is not auto-connectable.[0m
[0m2021.12.21 11:48:12 INFO  running '/Users/tanjimhossain/.asdf/installs/java/oracle-17/bin/java -Dfile.encoding=UTF-8 -Dmaven.multiModuleProjectDirectory=/Users/tanjimhossain/Downloads/LabPractice -Dmaven.home=/var/folders/3r/bmpgsb7x1wvf3l0p7c0n6ms80000gn/T/metals6738419923367951983 -jar /var/folders/3r/bmpgsb7x1wvf3l0p7c0n6ms80000gn/T/metals6738419923367951983/maven-wrapper.jar ch.epfl.scala:maven-bloop_2.13:1.4.9:bloopInstall -DdownloadSources=true'[0m
[0m2021.12.21 11:48:15 INFO  [INFO] Scanning for projects...[0m
[0m2021.12.21 11:48:15 INFO  [INFO] [0m
[0m2021.12.21 11:48:15 INFO  [INFO] -----------------------< org.example:springmvc >------------------------[0m
[0m2021.12.21 11:48:15 INFO  [INFO] Building springmvc Maven Webapp 1.0-SNAPSHOT[0m
[0m2021.12.21 11:48:15 INFO  [INFO] --------------------------------[ war ]---------------------------------[0m
[0m2021.12.21 11:48:15 INFO  [INFO] [0m
[0m2021.12.21 11:48:15 INFO  [INFO] --- maven-bloop_2.13:1.4.9:bloopInstall (default-cli) @ springmvc ---[0m
[0m2021.12.21 11:48:20 INFO  [INFO] Using empty launcher: no run setup for springmvc Maven Webapp.[0m
[0m2021.12.21 11:48:20 INFO  [ERROR] org.scala-lang:scala([0-9]?)-library is missing from project dependencies[0m
[0m2021.12.21 11:48:20 INFO  [INFO] Resolving artifact: javax.servlet:javax.servlet-api:jar:4.0.1:compile[0m
[0m2021.12.21 11:48:20 INFO  [INFO] SUCCESS javax.servlet:javax.servlet-api:jar:4.0.1:compile[0m
[0m2021.12.21 11:48:20 INFO  [INFO] Resolving artifact: javax.servlet:javax.servlet-api:jar:4.0.1:compile:sources[0m
[0m2021.12.21 11:48:20 INFO  [INFO] SUCCESS javax.servlet:javax.servlet-api:jar:4.0.1:compile[0m
[0m2021.12.21 11:48:20 INFO  [INFO] Resolving artifact: org.springframework:spring-aop:jar:5.3.12:compile[0m
[0m2021.12.21 11:48:20 INFO  [INFO] SUCCESS org.springframework:spring-aop:jar:5.3.12:compile[0m
[0m2021.12.21 11:48:20 INFO  [INFO] Resolving artifact: org.springframework:spring-aop:jar:5.3.12:compile:sources[0m
[0m2021.12.21 11:48:20 INFO  [INFO] SUCCESS org.springframework:spring-aop:jar:5.3.12:compile[0m
[0m2021.12.21 11:48:20 INFO  [INFO] Resolving artifact: org.jboss.logging:jboss-logging:jar:3.3.2.Final:compile[0m
[0m2021.12.21 11:48:20 INFO  [INFO] SUCCESS org.jboss.logging:jboss-logging:jar:3.3.2.Final:compile[0m
[0m2021.12.21 11:48:20 INFO  [INFO] Resolving artifact: org.jboss.logging:jboss-logging:jar:3.3.2.Final:compile:sources[0m
[0m2021.12.21 11:48:20 INFO  [INFO] SUCCESS org.jboss.logging:jboss-logging:jar:3.3.2.Final:compile[0m
[0m2021.12.21 11:48:20 INFO  [INFO] Resolving artifact: org.hamcrest:hamcrest-core:jar:1.3:test[0m
[0m2021.12.21 11:48:20 INFO  [INFO] SUCCESS org.hamcrest:hamcrest-core:jar:1.3:test[0m
[0m2021.12.21 11:48:20 INFO  [INFO] Resolving artifact: org.hamcrest:hamcrest-core:jar:1.3:test:sources[0m
[0m2021.12.21 11:48:20 INFO  [INFO] SUCCESS org.hamcrest:hamcrest-core:jar:1.3:test[0m
[0m2021.12.21 11:48:20 INFO  [INFO] Resolving artifact: org.hibernate.validator:hibernate-validator:jar:6.0.19.Final:compile[0m
[0m2021.12.21 11:48:20 INFO  [INFO] SUCCESS org.hibernate.validator:hibernate-validator:jar:6.0.19.Final:compile[0m
[0m2021.12.21 11:48:20 INFO  [INFO] Resolving artifact: org.hibernate.validator:hibernate-validator:jar:6.0.19.Final:compile:sources[0m
[0m2021.12.21 11:48:20 INFO  [INFO] SUCCESS org.hibernate.validator:hibernate-validator:jar:6.0.19.Final:compile[0m
[0m2021.12.21 11:48:20 INFO  [INFO] Resolving artifact: org.springframework:spring-beans:jar:5.3.12:compile[0m
[0m2021.12.21 11:48:20 INFO  [INFO] SUCCESS org.springframework:spring-beans:jar:5.3.12:compile[0m
[0m2021.12.21 11:48:20 INFO  [INFO] Resolving artifact: org.springframework:spring-beans:jar:5.3.12:compile:sources[0m
[0m2021.12.21 11:48:20 INFO  [INFO] SUCCESS org.springframework:spring-beans:jar:5.3.12:compile[0m
[0m2021.12.21 11:48:20 INFO  [INFO] Resolving artifact: org.springframework:spring-web:jar:5.3.12:compile[0m
[0m2021.12.21 11:48:20 INFO  [INFO] SUCCESS org.springframework:spring-web:jar:5.3.12:compile[0m
[0m2021.12.21 11:48:20 INFO  [INFO] Resolving artifact: org.springframework:spring-web:jar:5.3.12:compile:sources[0m
[0m2021.12.21 11:48:20 INFO  [INFO] SUCCESS org.springframework:spring-web:jar:5.3.12:compile[0m
[0m2021.12.21 11:48:20 INFO  [INFO] Resolving artifact: org.springframework:spring-jcl:jar:5.3.12:compile[0m
[0m2021.12.21 11:48:20 INFO  [INFO] SUCCESS org.springframework:spring-jcl:jar:5.3.12:compile[0m
[0m2021.12.21 11:48:20 INFO  [INFO] Resolving artifact: org.springframework:spring-jcl:jar:5.3.12:compile:sources[0m
[0m2021.12.21 11:48:20 INFO  [INFO] SUCCESS org.springframework:spring-jcl:jar:5.3.12:compile[0m
[0m2021.12.21 11:48:20 INFO  [INFO] Resolving artifact: junit:junit:jar:4.11:test[0m
[0m2021.12.21 11:48:20 INFO  [INFO] SUCCESS junit:junit:jar:4.11:test[0m
[0m2021.12.21 11:48:20 INFO  [INFO] Resolving artifact: junit:junit:jar:4.11:test:sources[0m
[0m2021.12.21 11:48:20 INFO  [INFO] SUCCESS junit:junit:jar:4.11:test[0m
[0m2021.12.21 11:48:20 INFO  [INFO] Resolving artifact: org.springframework:spring-webmvc:jar:5.3.12:compile[0m
[0m2021.12.21 11:48:20 INFO  [INFO] SUCCESS org.springframework:spring-webmvc:jar:5.3.12:compile[0m
[0m2021.12.21 11:48:20 INFO  [INFO] Resolving artifact: org.springframework:spring-webmvc:jar:5.3.12:compile:sources[0m
[0m2021.12.21 11:48:20 INFO  [INFO] SUCCESS org.springframework:spring-webmvc:jar:5.3.12:compile[0m
[0m2021.12.21 11:48:20 INFO  [INFO] Resolving artifact: javax.validation:validation-api:jar:2.0.1.Final:compile[0m
[0m2021.12.21 11:48:20 INFO  [INFO] SUCCESS javax.validation:validation-api:jar:2.0.1.Final:compile[0m
[0m2021.12.21 11:48:20 INFO  [INFO] Resolving artifact: javax.validation:validation-api:jar:2.0.1.Final:compile:sources[0m
[0m2021.12.21 11:48:20 INFO  [INFO] SUCCESS javax.validation:validation-api:jar:2.0.1.Final:compile[0m
[0m2021.12.21 11:48:20 INFO  [INFO] Resolving artifact: org.springframework:spring-expression:jar:5.3.12:compile[0m
[0m2021.12.21 11:48:20 INFO  [INFO] SUCCESS org.springframework:spring-expression:jar:5.3.12:compile[0m
[0m2021.12.21 11:48:20 INFO  [INFO] Resolving artifact: org.springframework:spring-expression:jar:5.3.12:compile:sources[0m
[0m2021.12.21 11:48:20 INFO  [INFO] SUCCESS org.springframework:spring-expression:jar:5.3.12:compile[0m
[0m2021.12.21 11:48:20 INFO  [INFO] Resolving artifact: org.springframework:spring-core:jar:5.3.12:compile[0m
[0m2021.12.21 11:48:20 INFO  [INFO] SUCCESS org.springframework:spring-core:jar:5.3.12:compile[0m
[0m2021.12.21 11:48:20 INFO  [INFO] Resolving artifact: org.springframework:spring-core:jar:5.3.12:compile:sources[0m
[0m2021.12.21 11:48:20 INFO  [INFO] SUCCESS org.springframework:spring-core:jar:5.3.12:compile[0m
[0m2021.12.21 11:48:20 INFO  [INFO] Resolving artifact: com.fasterxml:classmate:jar:1.3.4:compile[0m
[0m2021.12.21 11:48:20 INFO  [INFO] SUCCESS com.fasterxml:classmate:jar:1.3.4:compile[0m
[0m2021.12.21 11:48:20 INFO  [INFO] Resolving artifact: com.fasterxml:classmate:jar:1.3.4:compile:sources[0m
[0m2021.12.21 11:48:20 INFO  Downloading from central: https://repo.maven.apache.org/maven2/com/fasterxml/classmate/1.3.4/classmate-1.3.4-sources.jar[0m
[0m2021.12.21 11:48:22 INFO  Progress (1): 1.4/48 kB[0m
[0m2021.12.21 11:48:22 INFO  Progress (1): 2.7/48 kB[0m
[0m2021.12.21 11:48:22 INFO  Progress (1): 4.1/48 kB[0m
[0m2021.12.21 11:48:22 INFO  Progress (1): 5.5/48 kB[0m
[0m2021.12.21 11:48:22 INFO  Progress (1): 6.9/48 kB[0m
[0m2021.12.21 11:48:22 INFO  Progress (1): 8.2/48 kB[0m
[0m2021.12.21 11:48:22 INFO  Progress (1): 9.6/48 kB[0m
[0m2021.12.21 11:48:22 INFO  Progress (1): 11/48 kB [0m
[0m2021.12.21 11:48:22 INFO  Progress (1): 12/48 kB[0m
[0m2021.12.21 11:48:22 INFO  Progress (1): 14/48 kB[0m
[0m2021.12.21 11:48:22 INFO  Progress (1): 15/48 kB[0m
[0m2021.12.21 11:48:22 INFO  Progress (1): 16/48 kB[0m
[0m2021.12.21 11:48:22 INFO  Progress (1): 18/48 kB[0m
[0m2021.12.21 11:48:22 INFO  Progress (1): 19/48 kB[0m
[0m2021.12.21 11:48:22 INFO  Progress (1): 21/48 kB[0m
[0m2021.12.21 11:48:22 INFO  Progress (1): 22/48 kB[0m
[0m2021.12.21 11:48:22 INFO  Progress (1): 23/48 kB[0m
[0m2021.12.21 11:48:22 INFO  Progress (1): 25/48 kB[0m
[0m2021.12.21 11:48:22 INFO  Progress (1): 26/48 kB[0m
[0m2021.12.21 11:48:22 INFO  Progress (1): 27/48 kB[0m
[0m2021.12.21 11:48:22 INFO  Progress (1): 29/48 kB[0m
[0m2021.12.21 11:48:22 INFO  Progress (1): 30/48 kB[0m
[0m2021.12.21 11:48:22 INFO  Progress (1): 32/48 kB[0m
[0m2021.12.21 11:48:22 INFO  Progress (1): 33/48 kB[0m
[0m2021.12.21 11:48:22 INFO  Progress (1): 34/48 kB[0m
[0m2021.12.21 11:48:22 INFO  Progress (1): 36/48 kB[0m
[0m2021.12.21 11:48:22 INFO  Progress (1): 37/48 kB[0m
[0m2021.12.21 11:48:22 INFO  Progress (1): 38/48 kB[0m
[0m2021.12.21 11:48:22 INFO  Progress (1): 40/48 kB[0m
[0m2021.12.21 11:48:22 INFO  Progress (1): 41/48 kB[0m
[0m2021.12.21 11:48:22 INFO  Progress (1): 43/48 kB[0m
[0m2021.12.21 11:48:22 INFO  Progress (1): 44/48 kB[0m
[0m2021.12.21 11:48:22 INFO  Progress (1): 45/48 kB[0m
[0m2021.12.21 11:48:22 INFO  Progress (1): 47/48 kB[0m
[0m2021.12.21 11:48:22 INFO  Progress (1): 48 kB   [0m
[0m2021.12.21 11:48:22 INFO                     [0m
[0m2021.12.21 11:48:22 INFO  Downloaded from central: https://repo.maven.apache.org/maven2/com/fasterxml/classmate/1.3.4/classmate-1.3.4-sources.jar (48 kB at 31 kB/s)[0m
[0m2021.12.21 11:48:22 INFO  [INFO] SUCCESS com.fasterxml:classmate:jar:1.3.4:compile[0m
[0m2021.12.21 11:48:22 INFO  [INFO] Resolving artifact: org.springframework:spring-context:jar:5.3.12:compile[0m
[0m2021.12.21 11:48:22 INFO  [INFO] SUCCESS org.springframework:spring-context:jar:5.3.12:compile[0m
[0m2021.12.21 11:48:22 INFO  [INFO] Resolving artifact: org.springframework:spring-context:jar:5.3.12:compile:sources[0m
[0m2021.12.21 11:48:22 INFO  [INFO] SUCCESS org.springframework:spring-context:jar:5.3.12:compile[0m
[0m2021.12.21 11:48:22 INFO  [INFO] Generated .bloop/springmvc.json[0m
[0m2021.12.21 11:48:22 INFO  [INFO] Resolving artifact: javax.servlet:javax.servlet-api:jar:4.0.1:compile[0m
[0m2021.12.21 11:48:22 INFO  [INFO] SUCCESS javax.servlet:javax.servlet-api:jar:4.0.1:compile[0m
[0m2021.12.21 11:48:22 INFO  [INFO] Resolving artifact: javax.servlet:javax.servlet-api:jar:4.0.1:compile:sources[0m
[0m2021.12.21 11:48:22 INFO  [INFO] SUCCESS javax.servlet:javax.servlet-api:jar:4.0.1:compile[0m
[0m2021.12.21 11:48:22 INFO  [INFO] Resolving artifact: org.springframework:spring-aop:jar:5.3.12:compile[0m
[0m2021.12.21 11:48:22 INFO  [INFO] SUCCESS org.springframework:spring-aop:jar:5.3.12:compile[0m
[0m2021.12.21 11:48:22 INFO  [INFO] Resolving artifact: org.springframework:spring-aop:jar:5.3.12:compile:sources[0m
[0m2021.12.21 11:48:22 INFO  [INFO] SUCCESS org.springframework:spring-aop:jar:5.3.12:compile[0m
[0m2021.12.21 11:48:22 INFO  [INFO] Resolving artifact: org.jboss.logging:jboss-logging:jar:3.3.2.Final:compile[0m
[0m2021.12.21 11:48:22 INFO  [INFO] SUCCESS org.jboss.logging:jboss-logging:jar:3.3.2.Final:compile[0m
[0m2021.12.21 11:48:22 INFO  [INFO] Resolving artifact: org.jboss.logging:jboss-logging:jar:3.3.2.Final:compile:sources[0m
[0m2021.12.21 11:48:22 INFO  [INFO] SUCCESS org.jboss.logging:jboss-logging:jar:3.3.2.Final:compile[0m
[0m2021.12.21 11:48:22 INFO  [INFO] Resolving artifact: org.hamcrest:hamcrest-core:jar:1.3:test[0m
[0m2021.12.21 11:48:22 INFO  [INFO] SUCCESS org.hamcrest:hamcrest-core:jar:1.3:test[0m
[0m2021.12.21 11:48:22 INFO  [INFO] Resolving artifact: org.hamcrest:hamcrest-core:jar:1.3:test:sources[0m
[0m2021.12.21 11:48:22 INFO  [INFO] SUCCESS org.hamcrest:hamcrest-core:jar:1.3:test[0m
[0m2021.12.21 11:48:22 INFO  [INFO] Resolving artifact: org.hibernate.validator:hibernate-validator:jar:6.0.19.Final:compile[0m
[0m2021.12.21 11:48:22 INFO  [INFO] SUCCESS org.hibernate.validator:hibernate-validator:jar:6.0.19.Final:compile[0m
[0m2021.12.21 11:48:22 INFO  [INFO] Resolving artifact: org.hibernate.validator:hibernate-validator:jar:6.0.19.Final:compile:sources[0m
[0m2021.12.21 11:48:22 INFO  [INFO] SUCCESS org.hibernate.validator:hibernate-validator:jar:6.0.19.Final:compile[0m
[0m2021.12.21 11:48:22 INFO  [INFO] Resolving artifact: org.springframework:spring-beans:jar:5.3.12:compile[0m
[0m2021.12.21 11:48:22 INFO  [INFO] SUCCESS org.springframework:spring-beans:jar:5.3.12:compile[0m
[0m2021.12.21 11:48:22 INFO  [INFO] Resolving artifact: org.springframework:spring-beans:jar:5.3.12:compile:sources[0m
[0m2021.12.21 11:48:22 INFO  [INFO] SUCCESS org.springframework:spring-beans:jar:5.3.12:compile[0m
[0m2021.12.21 11:48:22 INFO  [INFO] Resolving artifact: org.springframework:spring-web:jar:5.3.12:compile[0m
[0m2021.12.21 11:48:22 INFO  [INFO] SUCCESS org.springframework:spring-web:jar:5.3.12:compile[0m
[0m2021.12.21 11:48:22 INFO  [INFO] Resolving artifact: org.springframework:spring-web:jar:5.3.12:compile:sources[0m
[0m2021.12.21 11:48:22 INFO  [INFO] SUCCESS org.springframework:spring-web:jar:5.3.12:compile[0m
[0m2021.12.21 11:48:22 INFO  [INFO] Resolving artifact: org.springframework:spring-jcl:jar:5.3.12:compile[0m
[0m2021.12.21 11:48:22 INFO  [INFO] SUCCESS org.springframework:spring-jcl:jar:5.3.12:compile[0m
[0m2021.12.21 11:48:22 INFO  [INFO] Resolving artifact: org.springframework:spring-jcl:jar:5.3.12:compile:sources[0m
[0m2021.12.21 11:48:22 INFO  [INFO] SUCCESS org.springframework:spring-jcl:jar:5.3.12:compile[0m
[0m2021.12.21 11:48:22 INFO  [INFO] Resolving artifact: junit:junit:jar:4.11:test[0m
[0m2021.12.21 11:48:22 INFO  [INFO] SUCCESS junit:junit:jar:4.11:test[0m
[0m2021.12.21 11:48:22 INFO  [INFO] Resolving artifact: junit:junit:jar:4.11:test:sources[0m
[0m2021.12.21 11:48:22 INFO  [INFO] SUCCESS junit:junit:jar:4.11:test[0m
[0m2021.12.21 11:48:22 INFO  [INFO] Resolving artifact: org.springframework:spring-webmvc:jar:5.3.12:compile[0m
[0m2021.12.21 11:48:22 INFO  [INFO] SUCCESS org.springframework:spring-webmvc:jar:5.3.12:compile[0m
[0m2021.12.21 11:48:22 INFO  [INFO] Resolving artifact: org.springframework:spring-webmvc:jar:5.3.12:compile:sources[0m
[0m2021.12.21 11:48:22 INFO  [INFO] SUCCESS org.springframework:spring-webmvc:jar:5.3.12:compile[0m
[0m2021.12.21 11:48:22 INFO  [INFO] Resolving artifact: javax.validation:validation-api:jar:2.0.1.Final:compile[0m
[0m2021.12.21 11:48:22 INFO  [INFO] SUCCESS javax.validation:validation-api:jar:2.0.1.Final:compile[0m
[0m2021.12.21 11:48:22 INFO  [INFO] Resolving artifact: javax.validation:validation-api:jar:2.0.1.Final:compile:sources[0m
[0m2021.12.21 11:48:22 INFO  [INFO] SUCCESS javax.validation:validation-api:jar:2.0.1.Final:compile[0m
[0m2021.12.21 11:48:22 INFO  [INFO] Resolving artifact: org.springframework:spring-expression:jar:5.3.12:compile[0m
[0m2021.12.21 11:48:22 INFO  [INFO] SUCCESS org.springframework:spring-expression:jar:5.3.12:compile[0m
[0m2021.12.21 11:48:22 INFO  [INFO] Resolving artifact: org.springframework:spring-expression:jar:5.3.12:compile:sources[0m
[0m2021.12.21 11:48:22 INFO  [INFO] SUCCESS org.springframework:spring-expression:jar:5.3.12:compile[0m
[0m2021.12.21 11:48:22 INFO  [INFO] Resolving artifact: org.springframework:spring-core:jar:5.3.12:compile[0m
[0m2021.12.21 11:48:22 INFO  [INFO] SUCCESS org.springframework:spring-core:jar:5.3.12:compile[0m
[0m2021.12.21 11:48:22 INFO  [INFO] Resolving artifact: org.springframework:spring-core:jar:5.3.12:compile:sources[0m
[0m2021.12.21 11:48:22 INFO  [INFO] SUCCESS org.springframework:spring-core:jar:5.3.12:compile[0m
[0m2021.12.21 11:48:22 INFO  [INFO] Resolving artifact: com.fasterxml:classmate:jar:1.3.4:compile[0m
[0m2021.12.21 11:48:22 INFO  [INFO] SUCCESS com.fasterxml:classmate:jar:1.3.4:compile[0m
[0m2021.12.21 11:48:22 INFO  [INFO] Resolving artifact: com.fasterxml:classmate:jar:1.3.4:compile:sources[0m
[0m2021.12.21 11:48:22 INFO  [INFO] SUCCESS com.fasterxml:classmate:jar:1.3.4:compile[0m
[0m2021.12.21 11:48:22 INFO  [INFO] Resolving artifact: org.springframework:spring-context:jar:5.3.12:compile[0m
[0m2021.12.21 11:48:22 INFO  [INFO] SUCCESS org.springframework:spring-context:jar:5.3.12:compile[0m
[0m2021.12.21 11:48:22 INFO  [INFO] Resolving artifact: org.springframework:spring-context:jar:5.3.12:compile:sources[0m
[0m2021.12.21 11:48:22 INFO  [INFO] SUCCESS org.springframework:spring-context:jar:5.3.12:compile[0m
[0m2021.12.21 11:48:22 INFO  [INFO] Generated .bloop/springmvc-test.json[0m
[0m2021.12.21 11:48:22 INFO  [INFO] ------------------------------------------------------------------------[0m
[0m2021.12.21 11:48:22 INFO  [INFO] BUILD SUCCESS[0m
[0m2021.12.21 11:48:22 INFO  [INFO] ------------------------------------------------------------------------[0m
[0m2021.12.21 11:48:22 INFO  [INFO] Total time: 7.185 s[0m
[0m2021.12.21 11:48:22 INFO  [INFO] Finished at: 2021-12-21T11:48:22+06:00[0m
[0m2021.12.21 11:48:22 INFO  [INFO] ------------------------------------------------------------------------[0m
[0m2021.12.21 11:48:22 INFO  time: ran 'mvn bloopInstall' in 10s[0m
[0m2021.12.21 11:48:22 INFO  Attempting to connect to the build server...[0m
Starting the bsp launcher for bloop...
Opening a bsp server connection with 'bsp --protocol local --socket /var/folders/3r/bmpgsb7x1wvf3l0p7c0n6ms80000gn/T/bsp-launcher18078759351963512129/bsp.socket'...
Waiting for the bsp connection to come up...
[0m[32m[D][0m Loading 2 projects from '/Users/tanjimhossain/Downloads/LabPractice/.bloop'...
[0m[32m[D][0m Loading project from '/Users/tanjimhossain/Downloads/LabPractice/.bloop/springmvc.json'
[0m[32m[D][0m Loading project from '/Users/tanjimhossain/Downloads/LabPractice/.bloop/springmvc-test.json'
[0m[32m[D][0m Missing analysis file for project 'springmvc-test'
[0m[32m[D][0m Missing analysis file for project 'springmvc'
[0m[32m[D][0m Waiting for a connection at local:///var/folders/3r/bmpgsb7x1wvf3l0p7c0n6ms80000gn/T/bsp-launcher18078759351963512129/bsp.socket...
The server is listening for incoming connections at local:///var/folders/3r/bmpgsb7x1wvf3l0p7c0n6ms80000gn/T/bsp-launcher18078759351963512129/bsp.socket...
Starting thread that pumps stdin and redirects it to the bsp server...
Starting thread that pumps server stdout and redirects it to the client stdout...
[0m2021.12.21 11:48:23 INFO  tracing is disabled for protocol BSP, to enable tracing of incoming and outgoing JSON messages create an empty file at /Users/tanjimhossain/Library/Caches/org.scalameta.metals/bsp.trace.json[0m
[0m2021.12.21 11:48:23 INFO  time: Connected to build server in 0.35s[0m
[0m2021.12.21 11:48:23 INFO  Connected to Build server: Bloop v1.4.9[0m
[0m2021.12.21 11:48:29 INFO  time: indexed workspace in 5.82s[0m
[0m2021.12.21 11:48:49 INFO  compiling springmvc (5 java sources)[0m
[0m2021.12.21 11:48:49 INFO  time: compiled springmvc in 0.27s[0m
[0m2021.12.21 11:48:52 INFO  compiling springmvc (5 java sources)[0m
[0m2021.12.21 11:48:52 INFO  time: compiled springmvc in 47ms[0m
[0m2021.12.21 11:48:55 INFO  compiling springmvc (5 java sources)[0m
[0m2021.12.21 11:48:55 INFO  time: compiled springmvc in 0.53s[0m
[0m2021.12.21 11:49:07 INFO  compiling springmvc (5 java sources)[0m
[0m2021.12.21 11:49:07 INFO  time: compiled springmvc in 10ms[0m
[0m2021.12.21 11:49:10 INFO  compiling springmvc (5 java sources)[0m
[0m2021.12.21 11:49:10 INFO  time: compiled springmvc in 0.12s[0m
[0m2021.12.21 12:45:53 INFO  compiling springmvc (5 java sources)[0m
[0m2021.12.21 12:45:53 INFO  time: compiled springmvc in 22ms[0m
[0m2021.12.21 12:45:54 INFO  compiling springmvc (5 java sources)[0m
[0m2021.12.21 12:45:54 INFO  time: compiled springmvc in 14ms[0m
[0m2021.12.21 12:45:56 INFO  compiling springmvc (5 java sources)[0m
[0m2021.12.21 12:45:56 INFO  time: compiled springmvc in 35ms[0m
[0m2021.12.21 12:45:59 INFO  compiling springmvc (5 java sources)[0m
[0m2021.12.21 12:45:59 INFO  time: compiled springmvc in 0.12s[0m
[0m2021.12.21 12:46:25 INFO  compiling springmvc (1 java source)[0m
[0m2021.12.21 12:46:25 INFO  time: compiled springmvc in 10ms[0m
[0m2021.12.21 12:56:48 INFO  compiling springmvc (1 java source)[0m
[0m2021.12.21 12:56:48 INFO  time: compiled springmvc in 27ms[0m
[0m2021.12.21 13:06:15 INFO  compiling springmvc (6 java sources)[0m
[0m2021.12.21 13:06:15 INFO  time: compiled springmvc in 72ms[0m
[0m2021.12.21 13:06:36 INFO  compiling springmvc (1 java source)[0m
[0m2021.12.21 13:06:36 INFO  time: compiled springmvc in 42ms[0m
[0m2021.12.21 13:06:52 INFO  compiling springmvc (1 java source)[0m
[0m2021.12.21 13:06:52 INFO  time: compiled springmvc in 15ms[0m
[0m2021.12.21 13:07:03 INFO  compiling springmvc (1 java source)[0m
[0m2021.12.21 13:07:03 INFO  time: compiled springmvc in 11ms[0m
[0m2021.12.21 13:07:23 INFO  compiling springmvc (1 java source)[0m
[0m2021.12.21 13:07:23 INFO  time: compiled springmvc in 17ms[0m
[0m2021.12.21 13:07:29 INFO  compiling springmvc (1 java source)[0m
[0m2021.12.21 13:07:29 INFO  time: compiled springmvc in 56ms[0m
[0m2021.12.21 13:07:53 INFO  compiling springmvc (1 java source)[0m
[0m2021.12.21 13:07:53 INFO  time: compiled springmvc in 14ms[0m
[0m2021.12.21 13:08:07 INFO  compiling springmvc (1 java source)[0m
[0m2021.12.21 13:08:07 INFO  time: compiled springmvc in 10ms[0m
[0m2021.12.21 13:09:56 INFO  compiling springmvc (1 java source)[0m
[0m2021.12.21 13:09:56 INFO  time: compiled springmvc in 30ms[0m
[0m2021.12.21 13:10:28 INFO  compiling springmvc (1 java source)[0m
[0m2021.12.21 13:10:28 INFO  time: compiled springmvc in 38ms[0m
[0m2021.12.21 13:10:39 INFO  compiling springmvc (1 java source)[0m
[0m2021.12.21 13:10:39 INFO  time: compiled springmvc in 49ms[0m
[0m2021.12.21 13:11:29 INFO  compiling springmvc (1 java source)[0m
[0m2021.12.21 13:11:29 INFO  time: compiled springmvc in 45ms[0m
[0m2021.12.21 13:12:18 INFO  compiling springmvc (1 java source)[0m
[0m2021.12.21 13:12:18 INFO  time: compiled springmvc in 22ms[0m
[0m2021.12.21 13:12:39 INFO  compiling springmvc (1 java source)[0m
[0m2021.12.21 13:12:39 INFO  time: compiled springmvc in 35ms[0m
[0m2021.12.21 13:21:15 INFO  compiling springmvc (5 java sources)[0m
[0m2021.12.21 13:21:15 INFO  time: compiled springmvc in 16ms[0m
[0m2021.12.21 13:21:45 INFO  compiling springmvc (5 java sources)[0m
[0m2021.12.21 13:21:45 INFO  time: compiled springmvc in 11ms[0m
[0m2021.12.21 13:21:47 INFO  compiling springmvc (5 java sources)[0m
[0m2021.12.21 13:21:47 INFO  time: compiled springmvc in 39ms[0m
[0m2021.12.21 13:22:28 INFO  compiling springmvc (5 java sources)[0m
[0m2021.12.21 13:22:28 INFO  time: compiled springmvc in 1ms[0m
[0m2021.12.21 13:27:08 INFO  compiling springmvc (5 java sources)[0m
[0m2021.12.21 13:27:08 INFO  time: compiled springmvc in 47ms[0m
[0m2021.12.21 13:31:46 INFO  compiling springmvc (5 java sources)[0m
[0m2021.12.21 13:31:46 INFO  time: compiled springmvc in 35ms[0m
[0m2021.12.21 13:32:16 INFO  compiling springmvc (5 java sources)[0m
[0m2021.12.21 13:32:16 INFO  time: compiled springmvc in 11ms[0m
[0m2021.12.21 13:32:34 INFO  compiling springmvc (5 java sources)[0m
[0m2021.12.21 13:32:34 INFO  time: compiled springmvc in 9ms[0m
[0m2021.12.21 13:33:00 INFO  compiling springmvc (5 java sources)[0m
[0m2021.12.21 13:33:00 INFO  time: compiled springmvc in 10ms[0m
[0m2021.12.21 13:33:07 INFO  compiling springmvc (5 java sources)[0m
[0m2021.12.21 13:33:07 INFO  time: compiled springmvc in 45ms[0m
[0m2021.12.21 13:34:04 INFO  compiling springmvc (5 java sources)[0m
[0m2021.12.21 13:34:04 INFO  time: compiled springmvc in 51ms[0m
[0m2021.12.21 13:34:15 INFO  compiling springmvc (5 java sources)[0m
[0m2021.12.21 13:34:15 INFO  time: compiled springmvc in 38ms[0m
[0m2021.12.21 13:34:26 INFO  compiling springmvc (5 java sources)[0m
[0m2021.12.21 13:34:26 INFO  time: compiled springmvc in 65ms[0m
[0m2021.12.21 13:34:50 INFO  compiling springmvc (5 java sources)[0m
[0m2021.12.21 13:34:50 INFO  time: compiled springmvc in 37ms[0m
[0m2021.12.21 13:34:52 INFO  compiling springmvc (5 java sources)[0m
[0m2021.12.21 13:34:52 INFO  time: compiled springmvc in 55ms[0m
[0m2021.12.21 13:35:17 INFO  compiling springmvc (5 java sources)[0m
[0m2021.12.21 13:35:17 INFO  time: compiled springmvc in 37ms[0m
[0m2021.12.21 13:35:28 INFO  compiling springmvc (5 java sources)[0m
[0m2021.12.21 13:35:28 INFO  time: compiled springmvc in 64ms[0m
[0m2021.12.21 13:35:47 INFO  compiling springmvc (5 java sources)[0m
[0m2021.12.21 13:35:47 INFO  time: compiled springmvc in 1ms[0m
[0m2021.12.21 13:35:53 INFO  compiling springmvc (5 java sources)[0m
[0m2021.12.21 13:35:53 INFO  time: compiled springmvc in 10ms[0m
[0m2021.12.21 13:36:01 INFO  compiling springmvc (5 java sources)[0m
[0m2021.12.21 13:36:01 INFO  time: compiled springmvc in 39ms[0m
[0m2021.12.21 13:36:18 INFO  compiling springmvc (5 java sources)[0m
[0m2021.12.21 13:36:18 INFO  time: compiled springmvc in 37ms[0m
[0m2021.12.21 13:36:29 INFO  compiling springmvc (5 java sources)[0m
[0m2021.12.21 13:36:29 INFO  time: compiled springmvc in 42ms[0m
[0m2021.12.21 13:36:41 INFO  compiling springmvc (5 java sources)[0m
[0m2021.12.21 13:36:41 INFO  time: compiled springmvc in 40ms[0m
[0m2021.12.21 13:37:20 INFO  compiling springmvc (5 java sources)[0m
[0m2021.12.21 13:37:20 INFO  time: compiled springmvc in 32ms[0m
[0m2021.12.21 13:37:31 INFO  compiling springmvc (5 java sources)[0m
[0m2021.12.21 13:37:31 INFO  time: compiled springmvc in 43ms[0m
[0m2021.12.21 13:39:50 INFO  compiling springmvc (5 java sources)[0m
[0m2021.12.21 13:39:50 INFO  time: compiled springmvc in 71ms[0m
[0m2021.12.21 13:40:42 INFO  compiling springmvc (1 java source)[0m
[0m2021.12.21 13:40:42 INFO  time: compiled springmvc in 24ms[0m
[0m2021.12.21 13:40:54 INFO  compiling springmvc (1 java source)[0m
[0m2021.12.21 13:40:54 INFO  time: compiled springmvc in 48ms[0m
[0m2021.12.21 14:04:41 INFO  compiling springmvc (5 java sources)[0m
[0m2021.12.21 14:04:41 INFO  time: compiled springmvc in 64ms[0m
[0m2021.12.21 14:04:46 INFO  compiling springmvc (1 java source)[0m
[0m2021.12.21 14:04:46 INFO  time: compiled springmvc in 48ms[0m
[0m2021.12.21 14:06:03 INFO  compiling springmvc (1 java source)[0m
[0m2021.12.21 14:06:03 INFO  time: compiled springmvc in 11ms[0m
[0m2021.12.21 14:09:43 INFO  compiling springmvc (5 java sources)[0m
[0m2021.12.21 14:09:43 INFO  time: compiled springmvc in 77ms[0m
[0m2021.12.21 14:10:00 INFO  compiling springmvc (5 java sources)[0m
[0m2021.12.21 14:10:00 INFO  time: compiled springmvc in 82ms[0m
[0m2021.12.21 14:10:11 INFO  compiling springmvc (5 java sources)[0m
[0m2021.12.21 14:10:11 INFO  time: compiled springmvc in 42ms[0m
[0m2021.12.21 14:11:01 INFO  compiling springmvc (5 java sources)[0m
[0m2021.12.21 14:11:01 INFO  time: compiled springmvc in 86ms[0m
[0m2021.12.21 14:13:20 INFO  compiling springmvc (5 java sources)[0m
[0m2021.12.21 14:13:20 INFO  time: compiled springmvc in 84ms[0m
[0m2021.12.21 14:16:38 INFO  compiling springmvc (5 java sources)[0m
[0m2021.12.21 14:16:38 INFO  time: compiled springmvc in 84ms[0m
